<?xml version="1.0" encoding="UTF-8"?>
<testsuite xmlns:xsi="http://www.w3.org/2001/XMLSchema-instance" xsi:noNamespaceSchemaLocation="https://maven.apache.org/surefire/maven-surefire-plugin/xsd/surefire-test-report.xsd" name="views.AppTest" time="0.607" tests="1" errors="0" skipped="0" failures="0">
  <properties>
    <property name="java.specification.version" value="15"/>
    <property name="sun.jnu.encoding" value="UTF-8"/>
    <property name="java.class.path" value="/Users/luis/Documents/git-repositories/programacionMedac/Maven/reservafotografo/target/test-classes:/Users/luis/Documents/git-repositories/programacionMedac/Maven/reservafotografo/target/classes:/Users/luis/.m2/repository/com/oracle/database/jdbc/ojdbc10/19.10.0.0/ojdbc10-19.10.0.0.jar:/Users/luis/.m2/repository/mysql/mysql-connector-java/8.0.24/mysql-connector-java-8.0.24.jar:/Users/luis/.m2/repository/com/google/protobuf/protobuf-java/3.11.4/protobuf-java-3.11.4.jar:/Users/luis/.m2/repository/org/testng/testng/7.4.0/testng-7.4.0.jar:/Users/luis/.m2/repository/com/beust/jcommander/1.78/jcommander-1.78.jar:/Users/luis/.m2/repository/org/webjars/jquery/3.5.1/jquery-3.5.1.jar:/Users/luis/.m2/repository/com/google/code/gson/gson/2.8.6/gson-2.8.6.jar:/Users/luis/.m2/repository/org/postgresql/postgresql/42.2.20/postgresql-42.2.20.jar:/Users/luis/.m2/repository/org/checkerframework/checker-qual/3.5.0/checker-qual-3.5.0.jar:/Users/luis/.m2/repository/com/iceolive/stringutil/1.1.2/stringutil-1.1.2.jar:/Users/luis/.m2/repository/org/apache/commons/commons-text/1.1/commons-text-1.1.jar:/Users/luis/.m2/repository/org/apache/commons/commons-lang3/3.5/commons-lang3-3.5.jar:"/>
    <property name="java.vm.vendor" value="Oracle Corporation"/>
    <property name="sun.arch.data.model" value="64"/>
    <property name="java.vendor.url" value="https://openjdk.java.net/"/>
    <property name="os.name" value="Mac OS X"/>
    <property name="java.vm.specification.version" value="15"/>
    <property name="sun.java.launcher" value="SUN_STANDARD"/>
    <property name="user.country" value="ES"/>
    <property name="sun.boot.library.path" value="/usr/local/Cellar/openjdk/15.0.2/libexec/openjdk.jdk/Contents/Home/lib"/>
    <property name="sun.java.command" value="/Users/luis/Documents/git-repositories/programacionMedac/Maven/reservafotografo/target/surefire/surefirebooter16861652645601878506.jar /Users/luis/Documents/git-repositories/programacionMedac/Maven/reservafotografo/target/surefire 2021-05-10T20-12-31_447-jvmRun1 surefire16626798885089239022tmp surefire_014423887471203885046tmp"/>
    <property name="http.nonProxyHosts" value="local|*.local|169.254/16|*.169.254/16"/>
    <property name="jdk.debug" value="release"/>
    <property name="surefire.test.class.path" value="/Users/luis/Documents/git-repositories/programacionMedac/Maven/reservafotografo/target/test-classes:/Users/luis/Documents/git-repositories/programacionMedac/Maven/reservafotografo/target/classes:/Users/luis/.m2/repository/com/oracle/database/jdbc/ojdbc10/19.10.0.0/ojdbc10-19.10.0.0.jar:/Users/luis/.m2/repository/mysql/mysql-connector-java/8.0.24/mysql-connector-java-8.0.24.jar:/Users/luis/.m2/repository/com/google/protobuf/protobuf-java/3.11.4/protobuf-java-3.11.4.jar:/Users/luis/.m2/repository/org/testng/testng/7.4.0/testng-7.4.0.jar:/Users/luis/.m2/repository/com/beust/jcommander/1.78/jcommander-1.78.jar:/Users/luis/.m2/repository/org/webjars/jquery/3.5.1/jquery-3.5.1.jar:/Users/luis/.m2/repository/com/google/code/gson/gson/2.8.6/gson-2.8.6.jar:/Users/luis/.m2/repository/org/postgresql/postgresql/42.2.20/postgresql-42.2.20.jar:/Users/luis/.m2/repository/org/checkerframework/checker-qual/3.5.0/checker-qual-3.5.0.jar:/Users/luis/.m2/repository/com/iceolive/stringutil/1.1.2/stringutil-1.1.2.jar:/Users/luis/.m2/repository/org/apache/commons/commons-text/1.1/commons-text-1.1.jar:/Users/luis/.m2/repository/org/apache/commons/commons-lang3/3.5/commons-lang3-3.5.jar:"/>
    <property name="sun.cpu.endian" value="little"/>
    <property name="user.home" value="/Users/luis"/>
    <property name="user.language" value="es"/>
    <property name="java.specification.vendor" value="Oracle Corporation"/>
    <property name="java.version.date" value="2021-01-19"/>
    <property name="java.home" value="/usr/local/Cellar/openjdk/15.0.2/libexec/openjdk.jdk/Contents/Home"/>
    <property name="file.separator" value="/"/>
    <property name="basedir" value="/Users/luis/Documents/git-repositories/programacionMedac/Maven/reservafotografo"/>
    <property name="java.vm.compressedOopsMode" value="Zero based"/>
    <property name="line.separator" value="&#10;"/>
    <property name="java.specification.name" value="Java Platform API Specification"/>
    <property name="java.vm.specification.vendor" value="Oracle Corporation"/>
    <property name="surefire.real.class.path" value="/Users/luis/Documents/git-repositories/programacionMedac/Maven/reservafotografo/target/surefire/surefirebooter16861652645601878506.jar"/>
    <property name="sun.management.compiler" value="HotSpot 64-Bit Tiered Compilers"/>
    <property name="ftp.nonProxyHosts" value="local|*.local|169.254/16|*.169.254/16"/>
    <property name="java.runtime.version" value="15.0.2+7"/>
    <property name="user.name" value="luis"/>
    <property name="path.separator" value=":"/>
    <property name="os.version" value="10.15.7"/>
    <property name="java.runtime.name" value="OpenJDK Runtime Environment"/>
    <property name="file.encoding" value="UTF-8"/>
    <property name="java.vm.name" value="OpenJDK 64-Bit Server VM"/>
    <property name="localRepository" value="/Users/luis/.m2/repository"/>
    <property name="java.vendor.url.bug" value="https://bugreport.java.com/bugreport/"/>
    <property name="java.io.tmpdir" value="/var/folders/44/34h8btqn20q2fp1rhxl9llcr0000gn/T/"/>
    <property name="java.version" value="15.0.2"/>
    <property name="user.dir" value="/Users/luis/Documents/git-repositories/programacionMedac/Maven/reservafotografo"/>
    <property name="os.arch" value="x86_64"/>
    <property name="java.vm.specification.name" value="Java Virtual Machine Specification"/>
    <property name="java.library.path" value="/Users/luis/Library/Java/Extensions:/Library/Java/Extensions:/Network/Library/Java/Extensions:/System/Library/Java/Extensions:/usr/lib/java:."/>
    <property name="java.vm.info" value="mixed mode, sharing"/>
    <property name="java.vendor" value="N/A"/>
    <property name="java.vm.version" value="15.0.2+7"/>
    <property name="sun.io.unicode.encoding" value="UnicodeBig"/>
    <property name="socksNonProxyHosts" value="local|*.local|169.254/16|*.169.254/16"/>
    <property name="java.class.version" value="59.0"/>
  </properties>
  <testcase name="shouldAnswerWithTrue" classname="views.AppTest" time="0.004"/>
</testsuite>