<?xml version="1.0" encoding="UTF-8"?>
<!-- Generated by org.testng.reporters.JUnitReportReporter -->
<testsuite hostname="iMac-de-Luis.local" failures="0" tests="1" name="views.AppTest" time="0.004" errors="0" timestamp="2021-05-03T17:48:35 CEST" skipped="0">
  <testcase classname="views.AppTest" name="shouldAnswerWithTrue" time="0.004"/>
  <system-out/>
</testsuite> <!-- views.AppTest -->
