<?xml version="1.0" encoding="UTF-8"?>
<!-- Generated by org.testng.reporters.JUnitReportReporter -->
<testsuite hostname="DamPC20" failures="0" tests="1" name="views.AppTest" time="0.005" errors="0" timestamp="2021-05-03T13:01:50 CEST" skipped="0">
  <testcase classname="views.AppTest" name="shouldAnswerWithTrue" time="0.005"/>
  <system-out/>
</testsuite> <!-- views.AppTest -->
